This is pdfTeX, Version 3.14159265-2.6-1.40.18 (TeX Live 2017/Debian) (preloaded format=pdflatex 2018.8.17)  6 SEP 2018 22:21
entering extended mode
 restricted \write18 enabled.
 %&-line parsing enabled.
**mae598_hw2_tannerbitz.tex
(./mae598_hw2_tannerbitz.tex
LaTeX2e <2017-04-15>
Babel <3.18> and hyphenation patterns for 84 language(s) loaded.
(/usr/share/texlive/texmf-dist/tex/latex/base/article.cls
Document Class: article 2014/09/29 v1.4h Standard LaTeX document class
(/usr/share/texlive/texmf-dist/tex/latex/base/size10.clo
File: size10.clo 2014/09/29 v1.4h Standard LaTeX file (size option)
)
\c@part=\count79
\c@section=\count80
\c@subsection=\count81
\c@subsubsection=\count82
\c@paragraph=\count83
\c@subparagraph=\count84
\c@figure=\count85
\c@table=\count86
\abovecaptionskip=\skip41
\belowcaptionskip=\skip42
\bibindent=\dimen102
)
(/usr/share/texlive/texmf-dist/tex/latex/geometry/geometry.sty
Package: geometry 2010/09/12 v5.6 Page Geometry

(/usr/share/texlive/texmf-dist/tex/latex/graphics/keyval.sty
Package: keyval 2014/10/28 v1.15 key=value parser (DPC)
\KV@toks@=\toks14
)
(/usr/share/texlive/texmf-dist/tex/generic/oberdiek/ifpdf.sty
Package: ifpdf 2017/03/15 v3.2 Provides the ifpdf switch
)
(/usr/share/texlive/texmf-dist/tex/generic/oberdiek/ifvtex.sty
Package: ifvtex 2016/05/16 v1.6 Detect VTeX and its facilities (HO)
Package ifvtex Info: VTeX not detected.
)
(/usr/share/texlive/texmf-dist/tex/generic/ifxetex/ifxetex.sty
Package: ifxetex 2010/09/12 v0.6 Provides ifxetex conditional
)
\Gm@cnth=\count87
\Gm@cntv=\count88
\c@Gm@tempcnt=\count89
\Gm@bindingoffset=\dimen103
\Gm@wd@mp=\dimen104
\Gm@odd@mp=\dimen105
\Gm@even@mp=\dimen106
\Gm@layoutwidth=\dimen107
\Gm@layoutheight=\dimen108
\Gm@layouthoffset=\dimen109
\Gm@layoutvoffset=\dimen110
\Gm@dimlist=\toks15
)
(/usr/share/texlive/texmf-dist/tex/latex/amsmath/amsmath.sty
Package: amsmath 2017/09/02 v2.17a AMS math features
\@mathmargin=\skip43

For additional information on amsmath, use the `?' option.
(/usr/share/texlive/texmf-dist/tex/latex/amsmath/amstext.sty
Package: amstext 2000/06/29 v2.01 AMS text

(/usr/share/texlive/texmf-dist/tex/latex/amsmath/amsgen.sty
File: amsgen.sty 1999/11/30 v2.0 generic functions
\@emptytoks=\toks16
\ex@=\dimen111
))
(/usr/share/texlive/texmf-dist/tex/latex/amsmath/amsbsy.sty
Package: amsbsy 1999/11/29 v1.2d Bold Symbols
\pmbraise@=\dimen112
)
(/usr/share/texlive/texmf-dist/tex/latex/amsmath/amsopn.sty
Package: amsopn 2016/03/08 v2.02 operator names
)
\inf@bad=\count90
LaTeX Info: Redefining \frac on input line 213.
\uproot@=\count91
\leftroot@=\count92
LaTeX Info: Redefining \overline on input line 375.
\classnum@=\count93
\DOTSCASE@=\count94
LaTeX Info: Redefining \ldots on input line 472.
LaTeX Info: Redefining \dots on input line 475.
LaTeX Info: Redefining \cdots on input line 596.
\Mathstrutbox@=\box26
\strutbox@=\box27
\big@size=\dimen113
LaTeX Font Info:    Redeclaring font encoding OML on input line 712.
LaTeX Font Info:    Redeclaring font encoding OMS on input line 713.
\macc@depth=\count95
\c@MaxMatrixCols=\count96
\dotsspace@=\muskip10
\c@parentequation=\count97
\dspbrk@lvl=\count98
\tag@help=\toks17
\row@=\count99
\column@=\count100
\maxfields@=\count101
\andhelp@=\toks18
\eqnshift@=\dimen114
\alignsep@=\dimen115
\tagshift@=\dimen116
\tagwidth@=\dimen117
\totwidth@=\dimen118
\lineht@=\dimen119
\@envbody=\toks19
\multlinegap=\skip44
\multlinetaggap=\skip45
\mathdisplay@stack=\toks20
LaTeX Info: Redefining \[ on input line 2817.
LaTeX Info: Redefining \] on input line 2818.
)
(/usr/share/texlive/texmf-dist/tex/latex/graphics/graphicx.sty
Package: graphicx 2017/06/01 v1.1a Enhanced LaTeX Graphics (DPC,SPQR)

(/usr/share/texlive/texmf-dist/tex/latex/graphics/graphics.sty
Package: graphics 2017/06/25 v1.2c Standard LaTeX Graphics (DPC,SPQR)

(/usr/share/texlive/texmf-dist/tex/latex/graphics/trig.sty
Package: trig 2016/01/03 v1.10 sin cos tan (DPC)
)
(/usr/share/texlive/texmf-dist/tex/latex/graphics-cfg/graphics.cfg
File: graphics.cfg 2016/06/04 v1.11 sample graphics configuration
)
Package graphics Info: Driver file: pdftex.def on input line 99.

(/usr/share/texlive/texmf-dist/tex/latex/graphics-def/pdftex.def
File: pdftex.def 2018/01/08 v1.0l Graphics/color driver for pdftex
))
\Gin@req@height=\dimen120
\Gin@req@width=\dimen121
)
(/usr/share/texlive/texmf-dist/tex/latex/caption/subcaption.sty
Package: subcaption 2016/05/22 v1.1-161 Sub-captions (AR)

(/usr/share/texlive/texmf-dist/tex/latex/caption/caption.sty
Package: caption 2016/02/21 v3.3-144 Customizing captions (AR)

(/usr/share/texlive/texmf-dist/tex/latex/caption/caption3.sty
Package: caption3 2016/05/22 v1.7-166 caption3 kernel (AR)
Package caption3 Info: TeX engine: e-TeX on input line 67.
\captionmargin=\dimen122
\captionmargin@=\dimen123
\captionwidth=\dimen124
\caption@tempdima=\dimen125
\caption@indent=\dimen126
\caption@parindent=\dimen127
\caption@hangindent=\dimen128
)
\c@ContinuedFloat=\count102
)
\c@subfigure=\count103
\c@subtable=\count104
)
(/usr/share/texlive/texmf-dist/tex/latex/float/float.sty
Package: float 2001/11/08 v1.3d Float enhancements (AL)
\c@float@type=\count105
\float@exts=\toks21
\float@box=\box28
\@float@everytoks=\toks22
\@floatcapt=\box29
)
(/usr/share/texlive/texmf-dist/tex/latex/amsfonts/amsfonts.sty
Package: amsfonts 2013/01/14 v3.01 Basic AMSFonts support
\symAMSa=\mathgroup4
\symAMSb=\mathgroup5
LaTeX Font Info:    Overwriting math alphabet `\mathfrak' in version `bold'
(Font)                  U/euf/m/n --> U/euf/b/n on input line 106.
)
(/usr/share/texlive/texmf-dist/tex/latex/listings/listings.sty
\lst@mode=\count106
\lst@gtempboxa=\box30
\lst@token=\toks23
\lst@length=\count107
\lst@currlwidth=\dimen129
\lst@column=\count108
\lst@pos=\count109
\lst@lostspace=\dimen130
\lst@width=\dimen131
\lst@newlines=\count110
\lst@lineno=\count111
\lst@maxwidth=\dimen132

(/usr/share/texlive/texmf-dist/tex/latex/listings/lstmisc.sty
File: lstmisc.sty 2015/06/04 1.6 (Carsten Heinz)
\c@lstnumber=\count112
\lst@skipnumbers=\count113
\lst@framebox=\box31
)
(/usr/share/texlive/texmf-dist/tex/latex/listings/listings.cfg
File: listings.cfg 2015/06/04 1.6 listings configuration
))
Package: listings 2015/06/04 1.6 (Carsten Heinz)

(/usr/share/texlive/texmf-dist/tex/latex/pdfpages/pdfpages.sty
Package: pdfpages 2017/10/31 v0.5l Insert pages of external PDF documents (AM)

(/usr/share/texlive/texmf-dist/tex/latex/base/ifthen.sty
Package: ifthen 2014/09/29 v1.1c Standard LaTeX ifthen package (DPC)
)
(/usr/share/texlive/texmf-dist/tex/latex/tools/calc.sty
Package: calc 2014/10/28 v4.3 Infix arithmetic (KKT,FJ)
\calc@Acount=\count114
\calc@Bcount=\count115
\calc@Adimen=\dimen133
\calc@Bdimen=\dimen134
\calc@Askip=\skip46
\calc@Bskip=\skip47
LaTeX Info: Redefining \setlength on input line 80.
LaTeX Info: Redefining \addtolength on input line 81.
\calc@Ccount=\count116
\calc@Cskip=\skip48
)
(/usr/share/texlive/texmf-dist/tex/latex/eso-pic/eso-pic.sty
Package: eso-pic 2015/07/21 v2.0g eso-pic (RN)

(/usr/share/texlive/texmf-dist/tex/generic/oberdiek/atbegshi.sty
Package: atbegshi 2016/06/09 v1.18 At begin shipout hook (HO)

(/usr/share/texlive/texmf-dist/tex/generic/oberdiek/infwarerr.sty
Package: infwarerr 2016/05/16 v1.4 Providing info/warning/error messages (HO)
)
(/usr/share/texlive/texmf-dist/tex/generic/oberdiek/ltxcmds.sty
Package: ltxcmds 2016/05/16 v1.23 LaTeX kernel commands for general use (HO)
))
(/usr/share/texlive/texmf-dist/tex/latex/xcolor/xcolor.sty
Package: xcolor 2016/05/11 v2.12 LaTeX color extensions (UK)

(/usr/share/texlive/texmf-dist/tex/latex/graphics-cfg/color.cfg
File: color.cfg 2016/01/02 v1.6 sample color configuration
)
Package xcolor Info: Driver file: pdftex.def on input line 225.
Package xcolor Info: Model `cmy' substituted by `cmy0' on input line 1348.
Package xcolor Info: Model `hsb' substituted by `rgb' on input line 1352.
Package xcolor Info: Model `RGB' extended on input line 1364.
Package xcolor Info: Model `HTML' substituted by `rgb' on input line 1366.
Package xcolor Info: Model `Hsb' substituted by `hsb' on input line 1367.
Package xcolor Info: Model `tHsb' substituted by `hsb' on input line 1368.
Package xcolor Info: Model `HSB' substituted by `hsb' on input line 1369.
Package xcolor Info: Model `Gray' substituted by `gray' on input line 1370.
Package xcolor Info: Model `wave' substituted by `hsb' on input line 1371.
))
\AM@pagewidth=\dimen135
\AM@pageheight=\dimen136

(/usr/share/texlive/texmf-dist/tex/latex/pdfpages/pppdftex.def
File: pppdftex.def 2017/10/31 v0.5l Pdfpages driver for pdfTeX (AM)
)
\AM@pagebox=\box32
\AM@global@opts=\toks24
\AM@toc@title=\toks25
\c@AM@survey=\count117
\AM@templatesizebox=\box33
)
(./mae598_hw2_tannerbitz.aux)
\openout1 = `mae598_hw2_tannerbitz.aux'.

LaTeX Font Info:    Checking defaults for OML/cmm/m/it on input line 18.
LaTeX Font Info:    ... okay on input line 18.
LaTeX Font Info:    Checking defaults for T1/cmr/m/n on input line 18.
LaTeX Font Info:    ... okay on input line 18.
LaTeX Font Info:    Checking defaults for OT1/cmr/m/n on input line 18.
LaTeX Font Info:    ... okay on input line 18.
LaTeX Font Info:    Checking defaults for OMS/cmsy/m/n on input line 18.
LaTeX Font Info:    ... okay on input line 18.
LaTeX Font Info:    Checking defaults for OMX/cmex/m/n on input line 18.
LaTeX Font Info:    ... okay on input line 18.
LaTeX Font Info:    Checking defaults for U/cmr/m/n on input line 18.
LaTeX Font Info:    ... okay on input line 18.

*geometry* driver: auto-detecting
*geometry* detected driver: pdftex
*geometry* verbose mode - [ preamble ] result:
* driver: pdftex
* paper: <default>
* layout: <same size as paper>
* layoutoffset:(h,v)=(0.0pt,0.0pt)
* modes: 
* h-part:(L,W,R)=(72.26999pt, 469.75502pt, 72.26999pt)
* v-part:(T,H,B)=(72.26999pt, 650.43001pt, 72.26999pt)
* \paperwidth=614.295pt
* \paperheight=794.96999pt
* \textwidth=469.75502pt
* \textheight=650.43001pt
* \oddsidemargin=0.0pt
* \evensidemargin=0.0pt
* \topmargin=0.0pt
* \headheight=0.0pt
* \headsep=0.0pt
* \topskip=10.0pt
* \footskip=30.0pt
* \marginparwidth=65.0pt
* \marginparsep=11.0pt
* \columnsep=10.0pt
* \skip\footins=9.0pt plus 4.0pt minus 2.0pt
* \hoffset=0.0pt
* \voffset=0.0pt
* \mag=1000
* \@twocolumnfalse
* \@twosidefalse
* \@mparswitchfalse
* \@reversemarginfalse
* (1in=72.27pt=25.4mm, 1cm=28.453pt)

(/usr/share/texlive/texmf-dist/tex/context/base/mkii/supp-pdf.mkii
[Loading MPS to PDF converter (version 2006.09.02).]
\scratchcounter=\count118
\scratchdimen=\dimen137
\scratchbox=\box34
\nofMPsegments=\count119
\nofMParguments=\count120
\everyMPshowfont=\toks26
\MPscratchCnt=\count121
\MPscratchDim=\dimen138
\MPnumerator=\count122
\makeMPintoPDFobject=\count123
\everyMPtoPDFconversion=\toks27
) (/usr/share/texlive/texmf-dist/tex/latex/oberdiek/epstopdf-base.sty
Package: epstopdf-base 2016/05/15 v2.6 Base part for package epstopdf

(/usr/share/texlive/texmf-dist/tex/latex/oberdiek/grfext.sty
Package: grfext 2016/05/16 v1.2 Manage graphics extensions (HO)

(/usr/share/texlive/texmf-dist/tex/generic/oberdiek/kvdefinekeys.sty
Package: kvdefinekeys 2016/05/16 v1.4 Define keys (HO)
))
(/usr/share/texlive/texmf-dist/tex/latex/oberdiek/kvoptions.sty
Package: kvoptions 2016/05/16 v3.12 Key value format for package options (HO)

(/usr/share/texlive/texmf-dist/tex/generic/oberdiek/kvsetkeys.sty
Package: kvsetkeys 2016/05/16 v1.17 Key value parser (HO)

(/usr/share/texlive/texmf-dist/tex/generic/oberdiek/etexcmds.sty
Package: etexcmds 2016/05/16 v1.6 Avoid name clashes with e-TeX commands (HO)

(/usr/share/texlive/texmf-dist/tex/generic/oberdiek/ifluatex.sty
Package: ifluatex 2016/05/16 v1.4 Provides the ifluatex switch (HO)
Package ifluatex Info: LuaTeX not detected.
)
Package etexcmds Info: Could not find \expanded.
(etexcmds)             That can mean that you are not using pdfTeX 1.50 or
(etexcmds)             that some package has redefined \expanded.
(etexcmds)             In the latter case, load this package earlier.
)))
(/usr/share/texlive/texmf-dist/tex/generic/oberdiek/pdftexcmds.sty
Package: pdftexcmds 2018/01/21 v0.26 Utility functions of pdfTeX for LuaTeX (HO
)
Package pdftexcmds Info: LuaTeX not detected.
Package pdftexcmds Info: \pdf@primitive is available.
Package pdftexcmds Info: \pdf@ifprimitive is available.
Package pdftexcmds Info: \pdfdraftmode found.
)
Package epstopdf-base Info: Redefining graphics rule for `.eps' on input line 4
38.
Package grfext Info: Graphics extension search list:
(grfext)             [.pdf,.png,.jpg,.mps,.jpeg,.jbig2,.jb2,.PDF,.PNG,.JPG,.JPE
G,.JBIG2,.JB2,.eps]
(grfext)             \AppendGraphicsExtensions on input line 456.

(/usr/share/texlive/texmf-dist/tex/latex/latexconfig/epstopdf-sys.cfg
File: epstopdf-sys.cfg 2010/07/13 v1.3 Configuration of (r)epstopdf for TeX Liv
e
))
Package caption Info: Begin \AtBeginDocument code.
Package caption Info: float package is loaded.
Package caption Info: listings package is loaded.
Package caption Info: End \AtBeginDocument code.
\c@lstlisting=\count124
\AtBeginShipoutBox=\box35

(/usr/share/texlive/texmf-dist/tex/latex/oberdiek/pdflscape.sty
Package: pdflscape 2016/05/14 v0.11 Display of landscape pages in PDF (HO)

(/usr/share/texlive/texmf-dist/tex/latex/graphics/lscape.sty
Package: lscape 2000/10/22 v3.01 Landscape Pages (DPC)
)
Package pdflscape Info: Auto-detected driver: pdftex on input line 81.
)
LaTeX Font Info:    Try loading font information for U+msa on input line 22.

(/usr/share/texlive/texmf-dist/tex/latex/amsfonts/umsa.fd
File: umsa.fd 2013/01/14 v3.01 AMS symbols A
)
LaTeX Font Info:    Try loading font information for U+msb on input line 22.

(/usr/share/texlive/texmf-dist/tex/latex/amsfonts/umsb.fd
File: umsb.fd 2013/01/14 v3.01 AMS symbols B
)
<Hw2_desopt_writeup.pdf, id=1, 614.295pt x 794.97pt>
File: Hw2_desopt_writeup.pdf Graphic file (type pdf)
<use Hw2_desopt_writeup.pdf>
Package pdftex.def Info: Hw2_desopt_writeup.pdf  used on input line 24.
(pdftex.def)             Requested size: 614.29349pt x 794.96806pt.
File: Hw2_desopt_writeup.pdf Graphic file (type pdf)
<use Hw2_desopt_writeup.pdf>
Package pdftex.def Info: Hw2_desopt_writeup.pdf  used on input line 24.
(pdftex.def)             Requested size: 614.29349pt x 794.96806pt.
File: Hw2_desopt_writeup.pdf Graphic file (type pdf)
<use Hw2_desopt_writeup.pdf>
Package pdftex.def Info: Hw2_desopt_writeup.pdf  used on input line 24.
(pdftex.def)             Requested size: 614.29349pt x 794.96806pt.
File: Hw2_desopt_writeup.pdf Graphic file (type pdf)
<use Hw2_desopt_writeup.pdf>
Package pdftex.def Info: Hw2_desopt_writeup.pdf  used on input line 24.
(pdftex.def)             Requested size: 614.29349pt x 794.96806pt.
File: Hw2_desopt_writeup.pdf Graphic file (type pdf)
<use Hw2_desopt_writeup.pdf>
Package pdftex.def Info: Hw2_desopt_writeup.pdf  used on input line 24.
(pdftex.def)             Requested size: 614.29349pt x 794.96806pt.
File: Hw2_desopt_writeup.pdf Graphic file (type pdf)
<use Hw2_desopt_writeup.pdf>
Package pdftex.def Info: Hw2_desopt_writeup.pdf  used on input line 24.
(pdftex.def)             Requested size: 614.29349pt x 794.96806pt.
File: Hw2_desopt_writeup.pdf Graphic file (type pdf)
<use Hw2_desopt_writeup.pdf>
Package pdftex.def Info: Hw2_desopt_writeup.pdf  used on input line 24.
(pdftex.def)             Requested size: 614.29349pt x 794.96806pt.
<Hw2_desopt_writeup.pdf, id=9, page=1, 614.295pt x 794.97pt>
File: Hw2_desopt_writeup.pdf Graphic file (type pdf)
<use Hw2_desopt_writeup.pdf, page 1>
Package pdftex.def Info: Hw2_desopt_writeup.pdf , page1 used on input line 24.
(pdftex.def)             Requested size: 614.29349pt x 794.96806pt.
File: Hw2_desopt_writeup.pdf Graphic file (type pdf)
<use Hw2_desopt_writeup.pdf, page 1>
Package pdftex.def Info: Hw2_desopt_writeup.pdf , page1 used on input line 24.
(pdftex.def)             Requested size: 614.58406pt x 795.3441pt.
 [1

{/var/lib/texmf/fonts/map/pdftex/updmap/pdftex.map}]
File: Hw2_desopt_writeup.pdf Graphic file (type pdf)
<use Hw2_desopt_writeup.pdf, page 1>
Package pdftex.def Info: Hw2_desopt_writeup.pdf , page1 used on input line 24.
(pdftex.def)             Requested size: 614.58406pt x 795.3441pt.
File: Hw2_desopt_writeup.pdf Graphic file (type pdf)
<use Hw2_desopt_writeup.pdf, page 1>
Package pdftex.def Info: Hw2_desopt_writeup.pdf , page1 used on input line 24.
(pdftex.def)             Requested size: 614.58406pt x 795.3441pt.
File: Hw2_desopt_writeup.pdf Graphic file (type pdf)
<use Hw2_desopt_writeup.pdf, page 1>
Package pdftex.def Info: Hw2_desopt_writeup.pdf , page1 used on input line 24.
(pdftex.def)             Requested size: 614.58406pt x 795.3441pt.
 [2 <./Hw2_desopt_writeup.pdf>]
<Hw2_desopt_writeup.pdf, id=52, page=2, 614.295pt x 794.97pt>
File: Hw2_desopt_writeup.pdf Graphic file (type pdf)
<use Hw2_desopt_writeup.pdf, page 2>
Package pdftex.def Info: Hw2_desopt_writeup.pdf , page2 used on input line 24.
(pdftex.def)             Requested size: 614.58406pt x 795.3441pt.
File: Hw2_desopt_writeup.pdf Graphic file (type pdf)
<use Hw2_desopt_writeup.pdf, page 2>
Package pdftex.def Info: Hw2_desopt_writeup.pdf , page2 used on input line 24.
(pdftex.def)             Requested size: 614.58406pt x 795.3441pt.
File: Hw2_desopt_writeup.pdf Graphic file (type pdf)
<use Hw2_desopt_writeup.pdf, page 2>
Package pdftex.def Info: Hw2_desopt_writeup.pdf , page2 used on input line 24.
(pdftex.def)             Requested size: 614.58406pt x 795.3441pt.
 [3 <./Hw2_desopt_writeup.pdf>]
<Hw2_desopt_writeup.pdf, id=56, page=3, 614.295pt x 794.97pt>
File: Hw2_desopt_writeup.pdf Graphic file (type pdf)
<use Hw2_desopt_writeup.pdf, page 3>
Package pdftex.def Info: Hw2_desopt_writeup.pdf , page3 used on input line 24.
(pdftex.def)             Requested size: 614.58406pt x 795.3441pt.
File: Hw2_desopt_writeup.pdf Graphic file (type pdf)
<use Hw2_desopt_writeup.pdf, page 3>
Package pdftex.def Info: Hw2_desopt_writeup.pdf , page3 used on input line 24.
(pdftex.def)             Requested size: 614.58406pt x 795.3441pt.
File: Hw2_desopt_writeup.pdf Graphic file (type pdf)
<use Hw2_desopt_writeup.pdf, page 3>
Package pdftex.def Info: Hw2_desopt_writeup.pdf , page3 used on input line 24.
(pdftex.def)             Requested size: 614.58406pt x 795.3441pt.
 [4 <./Hw2_desopt_writeup.pdf>]
<Hw2_desopt_writeup.pdf, id=60, page=4, 614.295pt x 794.97pt>
File: Hw2_desopt_writeup.pdf Graphic file (type pdf)
<use Hw2_desopt_writeup.pdf, page 4>
Package pdftex.def Info: Hw2_desopt_writeup.pdf , page4 used on input line 24.
(pdftex.def)             Requested size: 614.58406pt x 795.3441pt.
File: Hw2_desopt_writeup.pdf Graphic file (type pdf)
<use Hw2_desopt_writeup.pdf, page 4>
Package pdftex.def Info: Hw2_desopt_writeup.pdf , page4 used on input line 24.
(pdftex.def)             Requested size: 614.58406pt x 795.3441pt.
File: Hw2_desopt_writeup.pdf Graphic file (type pdf)
<use Hw2_desopt_writeup.pdf, page 4>
Package pdftex.def Info: Hw2_desopt_writeup.pdf , page4 used on input line 24.
(pdftex.def)             Requested size: 614.58406pt x 795.3441pt.
 [5 <./Hw2_desopt_writeup.pdf>]
<Hw2_desopt_writeup.pdf, id=66, page=5, 614.295pt x 794.97pt>
File: Hw2_desopt_writeup.pdf Graphic file (type pdf)
<use Hw2_desopt_writeup.pdf, page 5>
Package pdftex.def Info: Hw2_desopt_writeup.pdf , page5 used on input line 24.
(pdftex.def)             Requested size: 614.58406pt x 795.3441pt.
File: Hw2_desopt_writeup.pdf Graphic file (type pdf)
<use Hw2_desopt_writeup.pdf, page 5>
Package pdftex.def Info: Hw2_desopt_writeup.pdf , page5 used on input line 24.
(pdftex.def)             Requested size: 614.58406pt x 795.3441pt.
File: Hw2_desopt_writeup.pdf Graphic file (type pdf)
<use Hw2_desopt_writeup.pdf, page 5>
Package pdftex.def Info: Hw2_desopt_writeup.pdf , page5 used on input line 24.
(pdftex.def)             Requested size: 614.58406pt x 795.3441pt.
[6 <./Hw2_desopt_writeup.pdf>]
<Hw2_desopt_writeup.pdf, id=70, page=6, 614.295pt x 794.97pt>
File: Hw2_desopt_writeup.pdf Graphic file (type pdf)
<use Hw2_desopt_writeup.pdf, page 6>
Package pdftex.def Info: Hw2_desopt_writeup.pdf , page6 used on input line 24.
(pdftex.def)             Requested size: 614.58406pt x 795.3441pt.
File: Hw2_desopt_writeup.pdf Graphic file (type pdf)
<use Hw2_desopt_writeup.pdf, page 6>
Package pdftex.def Info: Hw2_desopt_writeup.pdf , page6 used on input line 24.
(pdftex.def)             Requested size: 614.58406pt x 795.3441pt.
File: Hw2_desopt_writeup.pdf Graphic file (type pdf)
<use Hw2_desopt_writeup.pdf, page 6>
Package pdftex.def Info: Hw2_desopt_writeup.pdf , page6 used on input line 24.
(pdftex.def)             Requested size: 614.58406pt x 795.3441pt.
 [7 <./Hw2_desopt_writeup.pdf>]
Missing character: There is no â in font cmbx10!
Missing character: There is no € in font cmbx10!
Missing character: There is no ™ in font cmbx10!
<h2p2b_contourplot.png, id=75, 462.528pt x 346.896pt>
File: h2p2b_contourplot.png Graphic file (type png)
<use h2p2b_contourplot.png>
Package pdftex.def Info: h2p2b_contourplot.png  used on input line 45.
(pdftex.def)             Requested size: 375.80544pt x 281.86818pt.
<h2p2b_convergenceplot.png, id=77, 462.528pt x 346.896pt>
File: h2p2b_convergenceplot.png Graphic file (type png)
<use h2p2b_convergenceplot.png>
Package pdftex.def Info: h2p2b_convergenceplot.png  used on input line 51.
(pdftex.def)             Requested size: 375.80544pt x 281.86818pt.
 [8 <./h2p2b_contourplot.png>]
File: Hw2_desopt_writeup.pdf Graphic file (type pdf)
<use Hw2_desopt_writeup.pdf>
Package pdftex.def Info: Hw2_desopt_writeup.pdf  used on input line 59.
(pdftex.def)             Requested size: 614.29349pt x 794.96806pt.
File: Hw2_desopt_writeup.pdf Graphic file (type pdf)
<use Hw2_desopt_writeup.pdf>
Package pdftex.def Info: Hw2_desopt_writeup.pdf  used on input line 59.
(pdftex.def)             Requested size: 614.29349pt x 794.96806pt.
File: Hw2_desopt_writeup.pdf Graphic file (type pdf)
<use Hw2_desopt_writeup.pdf>
Package pdftex.def Info: Hw2_desopt_writeup.pdf  used on input line 59.
(pdftex.def)             Requested size: 614.29349pt x 794.96806pt.
<Hw2_desopt_writeup.pdf, id=90, page=7, 614.295pt x 794.97pt>
File: Hw2_desopt_writeup.pdf Graphic file (type pdf)
<use Hw2_desopt_writeup.pdf, page 7>
Package pdftex.def Info: Hw2_desopt_writeup.pdf , page7 used on input line 59.
(pdftex.def)             Requested size: 614.29349pt x 794.96806pt.
File: Hw2_desopt_writeup.pdf Graphic file (type pdf)
<use Hw2_desopt_writeup.pdf, page 7>
Package pdftex.def Info: Hw2_desopt_writeup.pdf , page7 used on input line 59.
(pdftex.def)             Requested size: 614.58406pt x 795.3441pt.
 [9 <./h2p2b_convergenceplot.png>]
File: Hw2_desopt_writeup.pdf Graphic file (type pdf)
<use Hw2_desopt_writeup.pdf, page 7>
Package pdftex.def Info: Hw2_desopt_writeup.pdf , page7 used on input line 59.
(pdftex.def)             Requested size: 614.58406pt x 795.3441pt.
File: Hw2_desopt_writeup.pdf Graphic file (type pdf)
<use Hw2_desopt_writeup.pdf, page 7>
Package pdftex.def Info: Hw2_desopt_writeup.pdf , page7 used on input line 59.
(pdftex.def)             Requested size: 614.58406pt x 795.3441pt.
File: Hw2_desopt_writeup.pdf Graphic file (type pdf)
<use Hw2_desopt_writeup.pdf, page 7>
Package pdftex.def Info: Hw2_desopt_writeup.pdf , page7 used on input line 59.
(pdftex.def)             Requested size: 614.58406pt x 795.3441pt.
 [10 <./Hw2_desopt_writeup.pdf>]
<Hw2_desopt_writeup.pdf, id=100, page=8, 614.295pt x 794.97pt>
File: Hw2_desopt_writeup.pdf Graphic file (type pdf)
<use Hw2_desopt_writeup.pdf, page 8>
Package pdftex.def Info: Hw2_desopt_writeup.pdf , page8 used on input line 59.
(pdftex.def)             Requested size: 614.58406pt x 795.3441pt.
File: Hw2_desopt_writeup.pdf Graphic file (type pdf)
<use Hw2_desopt_writeup.pdf, page 8>
Package pdftex.def Info: Hw2_desopt_writeup.pdf , page8 used on input line 59.
(pdftex.def)             Requested size: 614.58406pt x 795.3441pt.
File: Hw2_desopt_writeup.pdf Graphic file (type pdf)
<use Hw2_desopt_writeup.pdf, page 8>
Package pdftex.def Info: Hw2_desopt_writeup.pdf , page8 used on input line 59.
(pdftex.def)             Requested size: 614.58406pt x 795.3441pt.

[11 <./Hw2_desopt_writeup.pdf>]
File: Hw2_desopt_writeup.pdf Graphic file (type pdf)
<use Hw2_desopt_writeup.pdf>
Package pdftex.def Info: Hw2_desopt_writeup.pdf  used on input line 74.
(pdftex.def)             Requested size: 614.29349pt x 794.96806pt.
File: Hw2_desopt_writeup.pdf Graphic file (type pdf)
<use Hw2_desopt_writeup.pdf>
Package pdftex.def Info: Hw2_desopt_writeup.pdf  used on input line 74.
(pdftex.def)             Requested size: 614.29349pt x 794.96806pt.
<Hw2_desopt_writeup.pdf, id=108, page=9, 614.295pt x 794.97pt>
File: Hw2_desopt_writeup.pdf Graphic file (type pdf)
<use Hw2_desopt_writeup.pdf, page 9>
Package pdftex.def Info: Hw2_desopt_writeup.pdf , page9 used on input line 74.
(pdftex.def)             Requested size: 614.29349pt x 794.96806pt.
File: Hw2_desopt_writeup.pdf Graphic file (type pdf)
<use Hw2_desopt_writeup.pdf, page 9>
Package pdftex.def Info: Hw2_desopt_writeup.pdf , page9 used on input line 74.
(pdftex.def)             Requested size: 614.58406pt x 795.3441pt.
 [12]
File: Hw2_desopt_writeup.pdf Graphic file (type pdf)
<use Hw2_desopt_writeup.pdf, page 9>
Package pdftex.def Info: Hw2_desopt_writeup.pdf , page9 used on input line 74.
(pdftex.def)             Requested size: 614.58406pt x 795.3441pt.
File: Hw2_desopt_writeup.pdf Graphic file (type pdf)
<use Hw2_desopt_writeup.pdf, page 9>
Package pdftex.def Info: Hw2_desopt_writeup.pdf , page9 used on input line 74.
(pdftex.def)             Requested size: 614.58406pt x 795.3441pt.
File: Hw2_desopt_writeup.pdf Graphic file (type pdf)
<use Hw2_desopt_writeup.pdf, page 9>
Package pdftex.def Info: Hw2_desopt_writeup.pdf , page9 used on input line 74.
(pdftex.def)             Requested size: 614.58406pt x 795.3441pt.
 [13 <./Hw2_desopt_writeup.pdf>]
(/usr/share/texlive/texmf-dist/tex/latex/listings/lstlang1.sty
File: lstlang1.sty 2015/06/04 1.6 listings language file
)
LaTeX Font Info:    Try loading font information for OMS+cmr on input line 92.

(/usr/share/texlive/texmf-dist/tex/latex/base/omscmr.fd
File: omscmr.fd 2014/09/29 v2.5h Standard LaTeX font definitions
)
LaTeX Font Info:    Font shape `OMS/cmr/m/n' in size <10> not available
(Font)              Font shape `OMS/cmsy/m/n' tried instead on input line 92.
 [14]
LaTeX Font Info:    Try loading font information for OML+cmr on input line 135.


(/usr/share/texlive/texmf-dist/tex/latex/base/omlcmr.fd
File: omlcmr.fd 2014/09/29 v2.5h Standard LaTeX font definitions
)
LaTeX Font Info:    Font shape `OML/cmr/m/n' in size <10> not available
(Font)              Font shape `OML/cmm/m/it' tried instead on input line 135.

Overfull \hbox (4.2498pt too wide) in paragraph at lines 139--140
[][][][][][][][][][][][][][][][][][][][][][][][][][][] 
 []


Overfull \hbox (10.24986pt too wide) in paragraph at lines 151--152
[][][][][][][][][][][][][][][][][][][][][][][][][][][][][][][][][][][][] 
 []


Overfull \hbox (16.24992pt too wide) in paragraph at lines 182--185
[][][][][][][][][][][][][][][][][][][][][][][][][][][] 
 []


Overfull \hbox (34.2501pt too wide) in paragraph at lines 185--186
[][][][][][][][][][][][][][][][][][][][][][][][][][][][][][][][] 
 []


Overfull \hbox (70.25047pt too wide) in paragraph at lines 186--187
[][][][][][][][][][][][][][][][][][][][][][][][][][][][][][][][] 
 []


Overfull \hbox (4.2498pt too wide) in paragraph at lines 187--192
[][][][][][][][][][][][][][][][][][][][][][][][][][] 
 []

[15]
Overfull \hbox (16.24992pt too wide) in paragraph at lines 205--207
[][][][][][][][][][][][][][][][][][][][][][][][][][][] 
 []


Overfull \hbox (34.2501pt too wide) in paragraph at lines 207--208
[][][][][][][][][][][][][][][][][][][][][][][][][][][][][][][][] 
 []


Overfull \hbox (70.25047pt too wide) in paragraph at lines 208--209
[][][][][][][][][][][][][][][][][][][][][][][][][][][][][][][][] 
 []


Overfull \hbox (136.25114pt too wide) in paragraph at lines 226--227
[][][][][][][][][][][][][][][][][][][][][][][][][][][][][][][][][][][] 
 []


Overfull \hbox (130.25108pt too wide) in paragraph at lines 227--228
[][][][][][][][][][][][][][][][][][][][][][][][][][][][][][][][][] 
 []

[16] [17] (./mae598_hw2_tannerbitz.aux) ) 
Here is how much of TeX's memory you used:
 6599 strings out of 492982
 97786 string characters out of 6134896
 220813 words of memory out of 5000000
 10056 multiletter control sequences out of 15000+600000
 11542 words of font info for 45 fonts, out of 8000000 for 9000
 1141 hyphenation exceptions out of 8191
 42i,18n,46p,1026b,1606s stack positions out of 5000i,500n,10000p,200000b,80000s
</usr/share/texlive/texmf-dist/fonts/t
ype1/public/amsfonts/cm/cmbx10.pfb></usr/share/texlive/texmf-dist/fonts/type1/p
ublic/amsfonts/cm/cmbx12.pfb></usr/share/texlive/texmf-dist/fonts/type1/public/
amsfonts/cm/cmmi10.pfb></usr/share/texlive/texmf-dist/fonts/type1/public/amsfon
ts/cm/cmmi7.pfb></usr/share/texlive/texmf-dist/fonts/type1/public/amsfonts/cm/c
mr10.pfb></usr/share/texlive/texmf-dist/fonts/type1/public/amsfonts/cm/cmr12.pf
b></usr/share/texlive/texmf-dist/fonts/type1/public/amsfonts/cm/cmr17.pfb></usr
/share/texlive/texmf-dist/fonts/type1/public/amsfonts/cm/cmr7.pfb></usr/share/t
exlive/texmf-dist/fonts/type1/public/amsfonts/cm/cmsy10.pfb></usr/share/texlive
/texmf-dist/fonts/type1/public/amsfonts/cm/cmti10.pfb>
Output written on mae598_hw2_tannerbitz.pdf (17 pages, 4698172 bytes).
PDF statistics:
 165 PDF objects out of 1000 (max. 8388607)
 96 compressed objects within 1 object stream
 0 named destinations out of 1000 (max. 500000)
 121 words of extra memory for PDF output out of 10000 (max. 10000000)

